<?xml version="1.0" encoding="UTF-8"?>
<!-- Generated by org.testng.reporters.JUnitReportReporter -->
<testsuite hostname="Abhiksha" failures="0" tests="2" name="TestNG.TestNGAnnotations" time="0.013" errors="0" timestamp="2024-02-06T11:40:03 IST" skipped="0">
  <testcase classname="TestNG.TestNGAnnotations" name="test2" time="0.002"/>
  <system-out/>
  <testcase classname="TestNG.TestNGAnnotations" name="test1" time="0.011"/>
  <system-out/>
</testsuite> <!-- TestNG.TestNGAnnotations -->
