<?xml version="1.0" encoding="UTF-8"?>
<!-- Generated by org.testng.reporters.JUnitReportReporter -->
<testsuite hostname="Abhiksha" failures="0" tests="2" name="TestNG.BeforeMethodExample" time="0.010" errors="0" timestamp="2024-01-31T12:58:22 IST" skipped="0">
  <testcase classname="TestNG.BeforeMethodExample" name="test1" time="0.008"/>
  <system-out/>
  <testcase classname="TestNG.BeforeMethodExample" name="test2" time="0.002"/>
  <system-out/>
</testsuite> <!-- TestNG.BeforeMethodExample -->
