<?xml version="1.0" encoding="UTF-8"?>
<!-- Generated by org.testng.reporters.JUnitReportReporter -->
<testsuite hostname="Abhiksha" failures="0" tests="2" name="TestNG.GroupAttribute" time="0.011" errors="0" timestamp="2024-01-31T21:59:10 IST" skipped="0">
  <testcase classname="TestNG.GroupAttribute" name="wipro" time="0.001"/>
  <system-out/>
  <testcase classname="TestNG.GroupAttribute" name="infosys" time="0.010"/>
  <system-out/>
</testsuite> <!-- TestNG.GroupAttribute -->
