<?xml version="1.0" encoding="UTF-8"?>
<!-- Generated by org.testng.reporters.JUnitReportReporter -->
<testsuite hostname="Abhiksha" failures="0" tests="5" name="TestNG.AnnotatioAttribute" time="0.010" errors="0" timestamp="2024-01-31T21:59:52 IST" skipped="1">
  <testcase classname="TestNG.AnnotatioAttribute" name="testcase5" time="0.001"/>
  <system-out/>
  <testcase classname="TestNG.AnnotatioAttribute" name="testcase1" time="0.007"/>
  <system-out/>
  <testcase classname="TestNG.AnnotatioAttribute" name="testcase4" time="0.001"/>
  <system-out/>
  <testcase classname="TestNG.AnnotatioAttribute" name="testcase3" time="0.001"/>
  <system-out/>
  <testcase classname="TestNG.AnnotatioAttribute" name="testcase8">
    <skipped/>
  </testcase> <!-- testcase8 -->
  <system-out/>
</testsuite> <!-- TestNG.AnnotatioAttribute -->
