<?xml version="1.0" encoding="UTF-8"?>
<!-- Generated by org.testng.reporters.JUnitReportReporter -->
<testsuite hostname="Abhiksha" failures="0" tests="6" name="LoanDepartment" time="0.005" errors="0" timestamp="2024-01-29T20:34:34 IST" skipped="3">
  <testcase classname="LoanDepartment" name="APILoginAutomobileLoan" time="0.005"/>
  <testcase classname="LoanDepartment" name="MobileLoginAutomobileLoan" time="0.000"/>
  <testcase classname="LoanDepartment" name="WebLoginAutomobileLoan" time="0.000"/>
  <testcase classname="LoanDepartment" name="APILoginPersonalLoan">
    <skipped/>
  </testcase> <!-- APILoginPersonalLoan -->
  <testcase classname="LoanDepartment" name="WebLoginPersonalLoan">
    <skipped/>
  </testcase> <!-- WebLoginPersonalLoan -->
  <testcase classname="LoanDepartment" name="MobileLoginPersonalLoan">
    <skipped/>
  </testcase> <!-- MobileLoginPersonalLoan -->
</testsuite> <!-- LoanDepartment -->
