<?xml version="1.0" encoding="UTF-8"?>
<!-- Generated by org.testng.reporters.JUnitReportReporter -->
<testsuite hostname="Abhiksha" failures="0" tests="2" name="TestNG.BeforeMethod" time="0.007" errors="0" timestamp="2024-01-31T12:53:39 IST" skipped="0">
  <testcase classname="TestNG.BeforeMethod" name="test2" time="0.001"/>
  <system-out/>
  <testcase classname="TestNG.BeforeMethod" name="test1" time="0.006"/>
  <system-out/>
</testsuite> <!-- TestNG.BeforeMethod -->
