<?xml version="1.0" encoding="UTF-8"?>
<!-- Generated by org.testng.reporters.JUnitReportReporter -->
<testsuite hostname="Abhiksha" failures="0" tests="6" name="TestNG.LoanDepartment" time="0.028" errors="0" timestamp="2024-01-31T12:45:44 IST" skipped="0">
  <testcase classname="TestNG.LoanDepartment" name="WebLoginAutomobileLoan" time="0.002"/>
  <system-out/>
  <testcase classname="TestNG.LoanDepartment" name="APILoginPersonalLoan" time="0.003"/>
  <system-out/>
  <testcase classname="TestNG.LoanDepartment" name="MobileLoginPersonalLoan" time="0.004"/>
  <system-out/>
  <testcase classname="TestNG.LoanDepartment" name="WebLoginPersonalLoan" time="0.002"/>
  <system-out/>
  <testcase classname="TestNG.LoanDepartment" name="APILoginAutomobileLoan" time="0.015"/>
  <system-out/>
  <testcase classname="TestNG.LoanDepartment" name="MobileLoginAutomobileLoan" time="0.002"/>
  <system-out/>
</testsuite> <!-- TestNG.LoanDepartment -->
