<?xml version="1.0" encoding="UTF-8"?>
<!-- Generated by org.testng.reporters.JUnitReportReporter -->
<testsuite hostname="Abhiksha" failures="0" tests="2" name="TestNGDemo" time="3.133" errors="0" timestamp="2024-01-25T20:52:32 IST" skipped="0">
  <testcase classname="TestNGDemo" name="test2" time="0.008"/>
  <testcase classname="TestNGDemo" name="verifyPagetitle" time="3.125"/>
</testsuite> <!-- TestNGDemo -->
