<?xml version="1.0" encoding="UTF-8"?>
<!-- Generated by org.testng.reporters.JUnitReportReporter -->
<testsuite hostname="Abhiksha" failures="0" tests="3" name="TestNG.Parameter" time="0.016" errors="0" timestamp="2024-02-01T21:14:48 IST" skipped="0">
  <testcase classname="TestNG.Parameter" name="Multiplication" time="0.013"/>
  <system-out/>
  <testcase classname="TestNG.Parameter" name="substraction" time="0.001"/>
  <system-out/>
  <testcase classname="TestNG.Parameter" name="add" time="0.002"/>
  <system-out/>
</testsuite> <!-- TestNG.Parameter -->
