<?xml version="1.0" encoding="UTF-8"?>
<!-- Generated by org.testng.reporters.JUnitReportReporter -->
<testsuite hostname="Abhiksha" failures="0" tests="2" name="TestNG.TestNGDemo" time="5.141" errors="0" timestamp="2024-01-29T20:55:45 IST" skipped="0">
  <testcase classname="TestNG.TestNGDemo" name="verifyPagetitle" time="5.129"/>
  <system-out/>
  <testcase classname="TestNG.TestNGDemo" name="test2" time="0.012"/>
  <system-out/>
</testsuite> <!-- TestNG.TestNGDemo -->
